2021-02-09 19:30:25.968 - INFO - 5341 - azureml.train.automl._azureautomlclient.modify_run_configuration:199 - Package azureml-train-automl missing from dependencies file.
2021-02-09 19:30:25.969 - INFO - 5341 - azureml.train.automl._azureautomlclient.modify_run_configuration:205 - Using pinned version: azureml-train-automl==1.20.0.*
2021-02-09 19:30:25.971 - INFO - 5341 - azureml.train.automl._azureautomlclient.modify_run_configuration:199 - Package pandas missing from dependencies file.
2021-02-09 19:30:25.971 - INFO - 5341 - azureml.train.automl._azureautomlclient.modify_run_configuration:205 - Using pinned version: pandas==0.25.1
2021-02-09 19:30:25.972 - INFO - 5341 - azureml.train.automl._azureautomlclient.modify_run_configuration:199 - Package psutil missing from dependencies file.
2021-02-09 19:30:25.972 - INFO - 5341 - azureml.train.automl._azureautomlclient.modify_run_configuration:205 - Using pinned version: psutil>5.0.0,<6.0.0
2021-02-09 19:30:25.980 - INFO - 5341 - azureml.train.automl._azureautomlclient.modify_run_configuration:199 - Package scikit-learn missing from dependencies file.
2021-02-09 19:30:25.981 - INFO - 5341 - azureml.train.automl._azureautomlclient.modify_run_configuration:205 - Using pinned version: scikit-learn==0.22.1
2021-02-09 19:30:25.981 - INFO - 5341 - azureml.train.automl._azureautomlclient.modify_run_configuration:199 - Package numpy missing from dependencies file.
2021-02-09 19:30:25.981 - INFO - 5341 - azureml.train.automl._azureautomlclient.modify_run_configuration:205 - Using pinned version: numpy~=1.18.0
2021-02-09 19:30:25.982 - INFO - 5341 - azureml.train.automl._azureautomlclient.modify_run_configuration:199 - Package py-xgboost missing from dependencies file.
2021-02-09 19:30:25.983 - INFO - 5341 - azureml.train.automl._azureautomlclient.modify_run_configuration:205 - Using pinned version: py-xgboost<=0.90
2021-02-09 19:30:25.984 - INFO - 5341 - azureml.train.automl._azureautomlclient.modify_run_configuration:199 - Package inference-schema missing from dependencies file.
2021-02-09 19:30:25.984 - INFO - 5341 - azureml.train.automl._azureautomlclient.modify_run_configuration:199 - Package fbprophet missing from dependencies file.
2021-02-09 19:30:25.984 - INFO - 5341 - azureml.train.automl._azureautomlclient.modify_run_configuration:205 - Using pinned version: fbprophet==0.5
2021-02-09 19:30:25.986 - INFO - 5341 - azureml.train.automl._azureautomlclient.modify_run_configuration:199 - Package setuptools-git missing from dependencies file.
2021-02-09 19:30:25.986 - INFO - 5341 - azureml.train.automl._azureautomlclient.modify_run_configuration:209 - Using installed version: setuptools-git==1.2
2021-02-09 19:30:25.992 - INFO - 5341 - azureml.automl.core.dataset_utilities._save_datasets_to_json:148 - JSON serialization of input of type <class 'NoneType'> is un-supported.
2021-02-09 19:30:25.992 - INFO - 5341 - azureml.automl.core.dataset_utilities._save_datasets_to_json:148 - JSON serialization of input of type <class 'NoneType'> is un-supported.
2021-02-09 19:30:26.002 - INFO - 5341 - azureml.train.automl._azureautomlclient._validate_input:664 - Start data validation.
2021-02-09 19:30:26.031 - CRITICAL - 5341 - azureml.train.automl._azureautomlclient.log_traceback:224 - Type: Unclassified
Class: ValueError
Message: experiment_id should not be None.
Traceback:
  File "_azureautomlclient.py", line 673, in _validate_input
    validation_results = self._jasmine_client.post_validate_service(parent_run_dto)
  File "jasmine_client.py", line 60, in post_validate_service
    self._client.jasmine.validate_run_input, create_parent_run_dto)
  File "experiment_client.py", line 261, in _execute_with_experimentid_arguments
    raise ValueError("experiment_id should not be None.")

ExceptionTarget: Unspecified
2021-02-09 19:30:26.031 - WARNING - 5341 - azureml.train.automl._azureautomlclient._validate_input:681 - Validation service meet exceptions, continue training now.
2021-02-09 20:08:55.337 - INFO - 5341 - azureml.automl.runtime.distributed.utilities.horovod_initialized:58 - Horovod not found in current environment. Distribution via Horovod will be disabled.
2021-02-09 20:08:59.000 - INFO - 5341 - azureml.automl.runtime.featurization.data_transformer.__init__:184 - Feature sweeping enabled: False
2021-02-09 20:08:59.001 - INFO - 5341 - azureml.automl.runtime.featurization.data_transformer.__init__:185 - Feature sweeping timeout: 86400
2021-02-09 20:09:24.466 - INFO - 5341 - azureml.automl.runtime.featurization.data_transformer._apply_transforms:501 - Starting to apply transforms. Total ram: 29504061440 bytes
2021-02-09 20:09:24.467 - INFO - 5341 - azureml.automl.runtime.featurization.data_transformer._apply_transforms:512 - Transform memory estimate: 0 bytes, Current available memory: 24758919168 bytes
2021-02-09 20:09:24.467 - INFO - 5341 - azureml.automl.runtime.featurization.data_transformer._apply_transforms:522 - SimpleImputer: Applying transform.
2021-02-09 20:09:24.480 - INFO - 5341 - azureml.automl.runtime.featurization.data_transformer._apply_transforms:536 - SimpleImputer: Finished applying transform. Shape (32950, 1)
2021-02-09 20:09:24.481 - INFO - 5341 - azureml.automl.runtime.featurization.data_transformer._apply_transforms:512 - Transform memory estimate: 0 bytes, Current available memory: 24758665216 bytes
2021-02-09 20:09:24.481 - INFO - 5341 - azureml.automl.runtime.featurization.data_transformer._apply_transforms:522 - SimpleImputer: Applying transform.
2021-02-09 20:09:24.484 - INFO - 5341 - azureml.automl.runtime.featurization.data_transformer._apply_transforms:536 - SimpleImputer: Finished applying transform. Shape (32950, 1)
2021-02-09 20:09:24.484 - INFO - 5341 - azureml.automl.runtime.featurization.data_transformer._apply_transforms:512 - Transform memory estimate: 0 bytes, Current available memory: 24758411264 bytes
2021-02-09 20:09:24.485 - INFO - 5341 - azureml.automl.runtime.featurization.data_transformer._apply_transforms:522 - SimpleImputer: Applying transform.
2021-02-09 20:09:24.487 - INFO - 5341 - azureml.automl.runtime.featurization.data_transformer._apply_transforms:536 - SimpleImputer: Finished applying transform. Shape (32950, 1)
2021-02-09 20:09:24.488 - INFO - 5341 - azureml.automl.runtime.featurization.data_transformer._apply_transforms:512 - Transform memory estimate: 0 bytes, Current available memory: 24757903360 bytes
2021-02-09 20:09:24.488 - INFO - 5341 - azureml.automl.runtime.featurization.data_transformer._apply_transforms:522 - SimpleImputer: Applying transform.
2021-02-09 20:09:24.490 - INFO - 5341 - azureml.automl.runtime.featurization.data_transformer._apply_transforms:536 - SimpleImputer: Finished applying transform. Shape (32950, 1)
2021-02-09 20:09:24.491 - INFO - 5341 - azureml.automl.runtime.featurization.data_transformer._apply_transforms:512 - Transform memory estimate: 0 bytes, Current available memory: 24757395456 bytes
2021-02-09 20:09:24.491 - INFO - 5341 - azureml.automl.runtime.featurization.data_transformer._apply_transforms:522 - SimpleImputer: Applying transform.
2021-02-09 20:09:24.494 - INFO - 5341 - azureml.automl.runtime.featurization.data_transformer._apply_transforms:536 - SimpleImputer: Finished applying transform. Shape (32950, 1)
2021-02-09 20:09:24.494 - INFO - 5341 - azureml.automl.runtime.featurization.data_transformer._apply_transforms:512 - Transform memory estimate: 0 bytes, Current available memory: 24757141504 bytes
2021-02-09 20:09:24.495 - INFO - 5341 - azureml.automl.runtime.featurization.data_transformer._apply_transforms:522 - SimpleImputer: Applying transform.
2021-02-09 20:09:24.502 - INFO - 5341 - azureml.automl.runtime.featurization.data_transformer._apply_transforms:536 - SimpleImputer: Finished applying transform. Shape (32950, 1)
2021-02-09 20:09:24.502 - INFO - 5341 - azureml.automl.runtime.featurization.data_transformer._apply_transforms:512 - Transform memory estimate: 0 bytes, Current available memory: 24756379648 bytes
2021-02-09 20:09:24.502 - INFO - 5341 - azureml.automl.runtime.featurization.data_transformer._apply_transforms:522 - SimpleImputer: Applying transform.
2021-02-09 20:09:24.505 - INFO - 5341 - azureml.automl.runtime.featurization.data_transformer._apply_transforms:536 - SimpleImputer: Finished applying transform. Shape (32950, 1)
2021-02-09 20:09:24.505 - INFO - 5341 - azureml.automl.runtime.featurization.data_transformer._apply_transforms:512 - Transform memory estimate: 0 bytes, Current available memory: 24756125696 bytes
2021-02-09 20:09:24.505 - INFO - 5341 - azureml.automl.runtime.featurization.data_transformer._apply_transforms:522 - StringCastTransformer,CountVectorizer: Applying transform.
2021-02-09 20:09:24.638 - INFO - 5341 - azureml.automl.runtime.featurization.data_transformer._apply_transforms:536 - StringCastTransformer,CountVectorizer: Finished applying transform. Shape (32950, 12)
2021-02-09 20:09:24.639 - INFO - 5341 - azureml.automl.runtime.featurization.data_transformer._apply_transforms:512 - Transform memory estimate: 0 bytes, Current available memory: 24745545728 bytes
2021-02-09 20:09:24.639 - INFO - 5341 - azureml.automl.runtime.featurization.data_transformer._apply_transforms:522 - StringCastTransformer,CountVectorizer: Applying transform.
2021-02-09 20:09:24.762 - INFO - 5341 - azureml.automl.runtime.featurization.data_transformer._apply_transforms:536 - StringCastTransformer,CountVectorizer: Finished applying transform. Shape (32950, 4)
2021-02-09 20:09:24.763 - INFO - 5341 - azureml.automl.runtime.featurization.data_transformer._apply_transforms:512 - Transform memory estimate: 0 bytes, Current available memory: 24746950656 bytes
2021-02-09 20:09:24.763 - INFO - 5341 - azureml.automl.runtime.featurization.data_transformer._apply_transforms:522 - StringCastTransformer,CountVectorizer: Applying transform.
2021-02-09 20:09:24.878 - INFO - 5341 - azureml.automl.runtime.featurization.data_transformer._apply_transforms:536 - StringCastTransformer,CountVectorizer: Finished applying transform. Shape (32950, 8)
2021-02-09 20:09:24.886 - INFO - 5341 - azureml.automl.runtime.featurization.data_transformer._apply_transforms:512 - Transform memory estimate: 0 bytes, Current available memory: 24746029056 bytes
2021-02-09 20:09:24.886 - INFO - 5341 - azureml.automl.runtime.featurization.data_transformer._apply_transforms:522 - StringCastTransformer,CountVectorizer: Applying transform.
2021-02-09 20:09:25.003 - INFO - 5341 - azureml.automl.runtime.featurization.data_transformer._apply_transforms:536 - StringCastTransformer,CountVectorizer: Finished applying transform. Shape (32950, 3)
2021-02-09 20:09:25.004 - INFO - 5341 - azureml.automl.runtime.featurization.data_transformer._apply_transforms:512 - Transform memory estimate: 0 bytes, Current available memory: 24773242880 bytes
2021-02-09 20:09:25.004 - INFO - 5341 - azureml.automl.runtime.featurization.data_transformer._apply_transforms:522 - StringCastTransformer,CountVectorizer: Applying transform.
2021-02-09 20:09:25.119 - INFO - 5341 - azureml.automl.runtime.featurization.data_transformer._apply_transforms:536 - StringCastTransformer,CountVectorizer: Finished applying transform. Shape (32950, 3)
2021-02-09 20:09:25.119 - INFO - 5341 - azureml.automl.runtime.featurization.data_transformer._apply_transforms:512 - Transform memory estimate: 0 bytes, Current available memory: 24765370368 bytes
2021-02-09 20:09:25.119 - INFO - 5341 - azureml.automl.runtime.featurization.data_transformer._apply_transforms:522 - StringCastTransformer,CountVectorizer: Applying transform.
2021-02-09 20:09:25.232 - INFO - 5341 - azureml.automl.runtime.featurization.data_transformer._apply_transforms:536 - StringCastTransformer,CountVectorizer: Finished applying transform. Shape (32950, 3)
2021-02-09 20:09:25.233 - INFO - 5341 - azureml.automl.runtime.featurization.data_transformer._apply_transforms:512 - Transform memory estimate: 0 bytes, Current available memory: 24753606656 bytes
2021-02-09 20:09:25.233 - INFO - 5341 - azureml.automl.runtime.featurization.data_transformer._apply_transforms:522 - CatImputer,StringCastTransformer,LabelEncoderTransformer: Applying transform.
2021-02-09 20:09:25.268 - INFO - 5341 - azureml.automl.runtime.featurization.data_transformer._apply_transforms:536 - CatImputer,StringCastTransformer,LabelEncoderTransformer: Finished applying transform. Shape (32950, 1)
2021-02-09 20:09:25.269 - INFO - 5341 - azureml.automl.runtime.featurization.data_transformer._apply_transforms:512 - Transform memory estimate: 0 bytes, Current available memory: 24745488384 bytes
2021-02-09 20:09:25.269 - INFO - 5341 - azureml.automl.runtime.featurization.data_transformer._apply_transforms:522 - StringCastTransformer,CountVectorizer: Applying transform.
2021-02-09 20:09:25.400 - INFO - 5341 - azureml.automl.runtime.featurization.data_transformer._apply_transforms:536 - StringCastTransformer,CountVectorizer: Finished applying transform. Shape (32950, 10)
2021-02-09 20:09:25.400 - INFO - 5341 - azureml.automl.runtime.featurization.data_transformer._apply_transforms:512 - Transform memory estimate: 0 bytes, Current available memory: 24700727296 bytes
2021-02-09 20:09:25.401 - INFO - 5341 - azureml.automl.runtime.featurization.data_transformer._apply_transforms:522 - StringCastTransformer,CountVectorizer: Applying transform.
2021-02-09 20:09:25.524 - INFO - 5341 - azureml.automl.runtime.featurization.data_transformer._apply_transforms:536 - StringCastTransformer,CountVectorizer: Finished applying transform. Shape (32950, 5)
2021-02-09 20:09:25.525 - INFO - 5341 - azureml.automl.runtime.featurization.data_transformer._apply_transforms:512 - Transform memory estimate: 0 bytes, Current available memory: 24664764416 bytes
2021-02-09 20:09:25.525 - INFO - 5341 - azureml.automl.runtime.featurization.data_transformer._apply_transforms:522 - StringCastTransformer,CountVectorizer: Applying transform.
2021-02-09 20:09:25.655 - INFO - 5341 - azureml.automl.runtime.featurization.data_transformer._apply_transforms:536 - StringCastTransformer,CountVectorizer: Finished applying transform. Shape (32950, 39)
2021-02-09 20:09:25.659 - INFO - 5341 - azureml.automl.runtime.featurization.data_transformer._apply_transforms:512 - Transform memory estimate: 0 bytes, Current available memory: 24651894784 bytes
2021-02-09 20:09:25.659 - INFO - 5341 - azureml.automl.runtime.featurization.data_transformer._apply_transforms:522 - StringCastTransformer,CountVectorizer: Applying transform.
2021-02-09 20:09:25.782 - INFO - 5341 - azureml.automl.runtime.featurization.data_transformer._apply_transforms:536 - StringCastTransformer,CountVectorizer: Finished applying transform. Shape (32950, 26)
2021-02-09 20:09:25.783 - INFO - 5341 - azureml.automl.runtime.featurization.data_transformer._apply_transforms:512 - Transform memory estimate: 0 bytes, Current available memory: 24651522048 bytes
2021-02-09 20:09:25.783 - INFO - 5341 - azureml.automl.runtime.featurization.data_transformer._apply_transforms:522 - StringCastTransformer,CountVectorizer: Applying transform.
2021-02-09 20:09:25.920 - INFO - 5341 - azureml.automl.runtime.featurization.data_transformer._apply_transforms:536 - StringCastTransformer,CountVectorizer: Finished applying transform. Shape (32950, 8)
2021-02-09 20:09:25.921 - INFO - 5341 - azureml.automl.runtime.featurization.data_transformer._apply_transforms:512 - Transform memory estimate: 0 bytes, Current available memory: 24765837312 bytes
2021-02-09 20:09:25.921 - INFO - 5341 - azureml.automl.runtime.featurization.data_transformer._apply_transforms:522 - StringCastTransformer,CountVectorizer: Applying transform.
2021-02-09 20:09:26.035 - INFO - 5341 - azureml.automl.runtime.featurization.data_transformer._apply_transforms:536 - StringCastTransformer,CountVectorizer: Finished applying transform. Shape (32950, 3)
2021-02-09 20:09:26.035 - INFO - 5341 - azureml.automl.runtime.featurization.data_transformer._apply_transforms:545 - Finished applying transforms
2021-02-09 20:09:26.036 - INFO - 5341 - azureml.automl.runtime.shared.memory_utilities._is_low_memory:208 - Total ram: 29504061440 bytes, Current Available memory: 24758726656 bytes. Low memory threshold: 0.5
